<?xml version="1.0" encoding="UTF-8"?>
<!-- Generated by org.testng.reporters.JUnitReportReporter -->
<testsuite skipped="0" hostname="DT01503" name="TestCase.TestCase1" tests="1" failures="0" timestamp="27 Dec 2019 10:10:37 GMT" time="5.297" errors="0">
  <testcase name="loginTest" time="5.297" classname="TestCase.TestCase1"/>
</testsuite> <!-- TestCase.TestCase1 -->
