<?xml version="1.0" encoding="UTF-8"?>
<!-- Generated by org.testng.reporters.JUnitReportReporter -->
<testsuite skipped="0" hostname="DT01503" name="TestCase.TestCase2" tests="1" failures="0" timestamp="27 Dec 2019 10:10:37 GMT" time="0.408" errors="0">
  <testcase name="TestCase" time="0.408" classname="TestCase.TestCase2"/>
</testsuite> <!-- TestCase.TestCase2 -->
