<?xml version="1.0" encoding="UTF-8"?>
<!-- Generated by org.testng.reporters.JUnitReportReporter -->
<testsuite hostname="DT01503" name="TestCase.Test2" tests="1" failures="0" timestamp="6 Jan 2020 09:42:40 GMT" time="5.537" errors="0">
  <testcase name="loginTest" time="5.537" classname="TestCase.Test2"/>
</testsuite> <!-- TestCase.Test2 -->
