<?xml version="1.0" encoding="UTF-8"?>
<!-- Generated by org.testng.reporters.JUnitReportReporter -->
<testsuite hostname="DT01503" name="TestCase.Test1" tests="1" failures="0" timestamp="6 Jan 2020 09:42:40 GMT" time="0.531" errors="0">
  <testcase name="TestCase" time="0.531" classname="TestCase.Test1"/>
</testsuite> <!-- TestCase.Test1 -->
